<?xml version="1.0" encoding="UTF-8" ?>
<testsuite failures="0" time="0.065" errors="0" skipped="0" tests="1" name="no.helsebiblioteket.plugin.LinkCheckerPluginTest">
  <properties>
    <property name="java.runtime.name" value="Java(TM) SE Runtime Environment"/>
    <property name="sun.boot.library.path" value="C:\Java\jdk1.6.0_21\jre\bin"/>
    <property name="java.vm.version" value="17.0-b17"/>
    <property name="java.vm.vendor" value="Sun Microsystems Inc."/>
    <property name="java.vendor.url" value="http://java.sun.com/"/>
    <property name="path.separator" value=";"/>
    <property name="java.vm.name" value="Java HotSpot(TM) 64-Bit Server VM"/>
    <property name="file.encoding.pkg" value="sun.io"/>
    <property name="user.country" value="NO"/>
    <property name="sun.java.launcher" value="SUN_STANDARD"/>
    <property name="sun.os.patch.level" value=""/>
    <property name="java.vm.specification.name" value="Java Virtual Machine Specification"/>
    <property name="user.dir" value="C:\Users\kah\Documents\branch1.1\helsebiblioteket-linkchecker-plugin"/>
    <property name="java.runtime.version" value="1.6.0_21-b07"/>
    <property name="java.awt.graphicsenv" value="sun.awt.Win32GraphicsEnvironment"/>
    <property name="basedir" value="C:\Users\kah\Documents\branch1.1\helsebiblioteket-linkchecker-plugin"/>
    <property name="java.endorsed.dirs" value="C:\Java\jdk1.6.0_21\jre\lib\endorsed"/>
    <property name="os.arch" value="amd64"/>
    <property name="surefire.real.class.path" value="C:\Users\kah\Documents\branch1.1\helsebiblioteket-linkchecker-plugin\target\surefire\surefirebooter398621262645936158.jar"/>
    <property name="java.io.tmpdir" value="C:\Users\kah\AppData\Local\Temp\"/>
    <property name="line.separator" value="
"/>
    <property name="java.vm.specification.vendor" value="Sun Microsystems Inc."/>
    <property name="user.variant" value=""/>
    <property name="os.name" value="Windows 7"/>
    <property name="sun.jnu.encoding" value="Cp1252"/>
    <property name="java.library.path" value="C:\Java\jdk1.6.0_21\jre\bin;.;C:\Windows\Sun\Java\bin;C:\Windows\system32;C:\Windows;C:\Windows\system32;C:\Windows;C:\Windows\System32\Wbem;C:\Windows\System32\WindowsPowerShell\v1.0\;C:\Program Files (x86)\Windows Imaging\;C:\Java\jdk1.6.0_21/bin;C:\Program Files\apache-maven-2.2.1/bin;C:\Program Files\TortoiseSVN\bin;C:\Program Files\SlikSvn\bin\;C:\Program Files\axis2-1.5.4\bin"/>
    <property name="surefire.test.class.path" value="C:\Users\kah\Documents\branch1.1\helsebiblioteket-linkchecker-plugin\target\test-classes;C:\Users\kah\Documents\branch1.1\helsebiblioteket-linkchecker-plugin\target\classes;C:\Users\kah\.m2\repository\com\enonic\cms\cms-api\4.4.3\cms-api-4.4.3.jar;C:\Users\kah\.m2\repository\javax\mail\mail\1.4\mail-1.4.jar;C:\Users\kah\.m2\repository\javax\activation\activation\1.1\activation-1.1.jar;C:\Users\kah\.m2\repository\junit\junit\4.4\junit-4.4.jar;C:\Users\kah\.m2\repository\org\jdom\jdom\1.1\jdom-1.1.jar;C:\Users\kah\.m2\repository\commons-logging\commons-logging\1.1\commons-logging-1.1.jar;C:\Users\kah\.m2\repository\log4j\log4j\1.2.12\log4j-1.2.12.jar;C:\Users\kah\.m2\repository\logkit\logkit\1.0.1\logkit-1.0.1.jar;C:\Users\kah\.m2\repository\avalon-framework\avalon-framework\4.1.3\avalon-framework-4.1.3.jar;C:\Users\kah\.m2\repository\javax\servlet\servlet-api\2.3\servlet-api-2.3.jar;C:\Users\kah\.m2\repository\commons-lang\commons-lang\2.5\commons-lang-2.5.jar;"/>
    <property name="java.specification.name" value="Java Platform API Specification"/>
    <property name="java.class.version" value="50.0"/>
    <property name="sun.management.compiler" value="HotSpot 64-Bit Server Compiler"/>
    <property name="os.version" value="6.1"/>
    <property name="user.home" value="C:\Users\kah"/>
    <property name="user.timezone" value=""/>
    <property name="java.awt.printerjob" value="sun.awt.windows.WPrinterJob"/>
    <property name="java.specification.version" value="1.6"/>
    <property name="file.encoding" value="Cp1252"/>
    <property name="user.name" value="kah"/>
    <property name="java.class.path" value="C:\Users\kah\Documents\branch1.1\helsebiblioteket-linkchecker-plugin\target\test-classes;C:\Users\kah\Documents\branch1.1\helsebiblioteket-linkchecker-plugin\target\classes;C:\Users\kah\.m2\repository\com\enonic\cms\cms-api\4.4.3\cms-api-4.4.3.jar;C:\Users\kah\.m2\repository\javax\mail\mail\1.4\mail-1.4.jar;C:\Users\kah\.m2\repository\javax\activation\activation\1.1\activation-1.1.jar;C:\Users\kah\.m2\repository\junit\junit\4.4\junit-4.4.jar;C:\Users\kah\.m2\repository\org\jdom\jdom\1.1\jdom-1.1.jar;C:\Users\kah\.m2\repository\commons-logging\commons-logging\1.1\commons-logging-1.1.jar;C:\Users\kah\.m2\repository\log4j\log4j\1.2.12\log4j-1.2.12.jar;C:\Users\kah\.m2\repository\logkit\logkit\1.0.1\logkit-1.0.1.jar;C:\Users\kah\.m2\repository\avalon-framework\avalon-framework\4.1.3\avalon-framework-4.1.3.jar;C:\Users\kah\.m2\repository\javax\servlet\servlet-api\2.3\servlet-api-2.3.jar;C:\Users\kah\.m2\repository\commons-lang\commons-lang\2.5\commons-lang-2.5.jar;"/>
    <property name="java.vm.specification.version" value="1.0"/>
    <property name="sun.arch.data.model" value="64"/>
    <property name="java.home" value="C:\Java\jdk1.6.0_21\jre"/>
    <property name="java.specification.vendor" value="Sun Microsystems Inc."/>
    <property name="user.language" value="no"/>
    <property name="awt.toolkit" value="sun.awt.windows.WToolkit"/>
    <property name="java.vm.info" value="mixed mode"/>
    <property name="java.version" value="1.6.0_21"/>
    <property name="java.ext.dirs" value="C:\Java\jdk1.6.0_21\jre\lib\ext;C:\Windows\Sun\Java\lib\ext"/>
    <property name="sun.boot.class.path" value="C:\Java\jdk1.6.0_21\jre\lib\resources.jar;C:\Java\jdk1.6.0_21\jre\lib\rt.jar;C:\Java\jdk1.6.0_21\jre\lib\sunrsasign.jar;C:\Java\jdk1.6.0_21\jre\lib\jsse.jar;C:\Java\jdk1.6.0_21\jre\lib\jce.jar;C:\Java\jdk1.6.0_21\jre\lib\charsets.jar;C:\Java\jdk1.6.0_21\jre\classes"/>
    <property name="java.vendor" value="Sun Microsystems Inc."/>
    <property name="localRepository" value="C:\Users\kah\.m2\repository"/>
    <property name="file.separator" value="\"/>
    <property name="java.vendor.url.bug" value="http://java.sun.com/cgi-bin/bugreport.cgi"/>
    <property name="sun.cpu.endian" value="little"/>
    <property name="sun.io.unicode.encoding" value="UnicodeLittle"/>
    <property name="sun.desktop" value="windows"/>
    <property name="sun.cpu.isalist" value="amd64"/>
  </properties>
  <testcase time="0.003" classname="no.helsebiblioteket.plugin.LinkCheckerPluginTest" name="dummy"/>
</testsuite>